<?xml version="1.0" encoding="UTF-8"?>
<testng-results total="1" passed="1" failed="0" skipped="0">
  <reporter-output>
  </reporter-output>
  <suite started-at="2022-12-16T13:18:38Z" name="WFM" finished-at="2022-12-16T13:18:46Z" duration-ms="8977">
    <groups>
    </groups>
    <test started-at="2022-12-16T13:18:38Z" name="wfm.testcases" finished-at="2022-12-16T13:18:46Z" duration-ms="8977">
      <class name="wfm.testcases.LoginTestCase">
        <test-method is-config="true" signature="setup()" started-at="2022-12-16T13:18:38Z" name="setup" finished-at="2022-12-16T13:18:40Z" duration-ms="2548" status="PASS">
        </test-method>
        <test-method is-config="true" signature="nameBefore(java.lang.reflect.Method)" started-at="2022-12-16T13:18:38Z" name="nameBefore" finished-at="2022-12-16T13:18:38Z" duration-ms="0" status="PASS">
          <params>
            <param index="0">
              <value>
                <![CDATA[public void wfm.testcases.LoginTestCase.facebooklogintest() throws java.lang.Exception]]>
              </value>
            </param>
          </params>
        </test-method>
        <test-method is-config="true" signature="teaminfo()" started-at="2022-12-16T13:18:38Z" name="teaminfo" finished-at="2022-12-16T13:18:38Z" duration-ms="0" status="PASS">
        </test-method>
        <test-method signature="facebooklogintest()" started-at="2022-12-16T13:18:40Z" name="facebooklogintest" finished-at="2022-12-16T13:18:46Z" duration-ms="6321" status="PASS">
        </test-method>
      </class>
    </test>
  </suite>
</testng-results>
