<?xml version="1.0" encoding="UTF-8"?>
<testng-results ignored="0" total="1" passed="1" failed="0" skipped="0">
  <reporter-output>
  </reporter-output>
  <suite started-at="2022-12-16T15:50:00 IST" name="WFM" finished-at="2022-12-16T15:50:09 IST" duration-ms="9028">
    <groups>
    </groups>
    <test started-at="2022-12-16T15:50:00 IST" name="wfm.testcases" finished-at="2022-12-16T15:50:09 IST" duration-ms="9028">
      <class name="wfm.testcases.LoginTestCase">
        <test-method is-config="true" signature="teaminfo()[pri:0, instance:wfm.testcases.LoginTestCase@63fbfaeb]" started-at="2022-12-16T15:50:00 IST" name="teaminfo" finished-at="2022-12-16T15:50:00 IST" duration-ms="0" status="PASS">
          <reporter-output>
          </reporter-output>
        </test-method> <!-- teaminfo -->
        <test-method is-config="true" signature="nameBefore(java.lang.reflect.Method)[pri:0, instance:wfm.testcases.LoginTestCase@63fbfaeb]" started-at="2022-12-16T15:50:00 IST" name="nameBefore" finished-at="2022-12-16T15:50:00 IST" duration-ms="0" status="PASS">
          <params>
            <param index="0">
              <value>
                <![CDATA[public void wfm.testcases.LoginTestCase.facebooklogintest() throws java.lang.Exception]]>
              </value>
            </param>
          </params>
          <reporter-output>
          </reporter-output>
        </test-method> <!-- nameBefore -->
        <test-method is-config="true" signature="setup()[pri:0, instance:wfm.testcases.LoginTestCase@63fbfaeb]" started-at="2022-12-16T15:50:00 IST" name="setup" finished-at="2022-12-16T15:50:03 IST" duration-ms="2368" status="PASS">
          <reporter-output>
          </reporter-output>
        </test-method> <!-- setup -->
        <test-method signature="facebooklogintest()[pri:0, instance:wfm.testcases.LoginTestCase@63fbfaeb]" started-at="2022-12-16T15:50:03 IST" name="facebooklogintest" finished-at="2022-12-16T15:50:09 IST" duration-ms="6004" status="PASS">
          <reporter-output>
          </reporter-output>
        </test-method> <!-- facebooklogintest -->
        <test-method is-config="true" signature="tearDown(org.testng.ITestResult)[pri:0, instance:wfm.testcases.LoginTestCase@63fbfaeb]" started-at="2022-12-16T15:50:09 IST" name="tearDown" finished-at="2022-12-16T15:50:09 IST" duration-ms="355" status="PASS">
          <params>
            <param index="0">
              <value>
                <![CDATA[[TestResult name=facebooklogintest status=SUCCESS method=LoginTestCase.facebooklogintest()[pri:0, instance:wfm.testcases.LoginTestCase@63fbfaeb] output={null}]]]>
              </value>
            </param>
          </params>
          <reporter-output>
          </reporter-output>
        </test-method> <!-- tearDown -->
      </class> <!-- wfm.testcases.LoginTestCase -->
    </test> <!-- wfm.testcases -->
  </suite> <!-- WFM -->
</testng-results>
